CRITICAL - 2024-06-12 06:59:33 --> ParseError: syntax error, unexpected variable "$data", expecting ")"
[Method: GET, Route: /]
in APPPATH\Controllers\Home.php on line 18.
 1 SYSTEMPATH\Autoloader\Autoloader.php(296): CodeIgniter\Autoloader\Autoloader->includeFile('C:\\xampp\\htdocs\\klientaspire\\app\\Controllers\\Home.php')
 2 SYSTEMPATH\Autoloader\Autoloader.php(272): CodeIgniter\Autoloader\Autoloader->loadInNamespace('App\\Controllers\\Home')
 3 [internal function]: CodeIgniter\Autoloader\Autoloader->loadClass('App\\Controllers\\Home')
 4 SYSTEMPATH\CodeIgniter.php(887): class_exists('\\App\\Controllers\\Home', true)
 5 SYSTEMPATH\CodeIgniter.php(496): CodeIgniter\CodeIgniter->startController()
 6 SYSTEMPATH\CodeIgniter.php(355): CodeIgniter\CodeIgniter->handleRequest(null, Object(Config\Cache), false)
 7 SYSTEMPATH\Boot.php(312): CodeIgniter\CodeIgniter->run()
 8 SYSTEMPATH\Boot.php(67): CodeIgniter\Boot::runCodeIgniter(Object(CodeIgniter\CodeIgniter))
 9 FCPATH\index.php(56): CodeIgniter\Boot::bootWeb(Object(Config\Paths))
CRITICAL - 2024-06-12 07:16:40 --> ErrorException: Undefined property: stdClass::$label
[Method: GET, Route: /]
in APPPATH\Views\main\home.php on line 482.
 1 APPPATH\Views\main\home.php(482): CodeIgniter\Debug\Exceptions->errorHandler(2, 'Undefined property: stdClass::$label', 'C:\\xampp\\htdocs\\klientaspire\\app\\Views\\main\\home.php', 482)
 2 SYSTEMPATH\View\View.php(234): include('C:\\xampp\\htdocs\\klientaspire\\app\\Views\\main\\home.php')
 3 SYSTEMPATH\View\View.php(237): CodeIgniter\View\View->CodeIgniter\View\{closure}()
 4 SYSTEMPATH\Common.php(1171): CodeIgniter\View\View->render('main/home', [], true)
 5 APPPATH\Controllers\Home.php(18): view('main/home', [...])
 6 SYSTEMPATH\CodeIgniter.php(933): App\Controllers\Home->index()
 7 SYSTEMPATH\CodeIgniter.php(509): CodeIgniter\CodeIgniter->runController(Object(App\Controllers\Home))
 8 SYSTEMPATH\CodeIgniter.php(355): CodeIgniter\CodeIgniter->handleRequest(null, Object(Config\Cache), false)
 9 SYSTEMPATH\Boot.php(312): CodeIgniter\CodeIgniter->run()
10 SYSTEMPATH\Boot.php(67): CodeIgniter\Boot::runCodeIgniter(Object(CodeIgniter\CodeIgniter))
11 FCPATH\index.php(56): CodeIgniter\Boot::bootWeb(Object(Config\Paths))
CRITICAL - 2024-06-12 07:17:49 --> CodeIgniter\HTTP\Exceptions\HTTPException: 22 : The requested URL returned error: 404
[Method: GET, Route: blog/2024/06/how-comprehensive-research-support-can.html]
in SYSTEMPATH\HTTP\CURLRequest.php on line 693.
 1 SYSTEMPATH\HTTP\CURLRequest.php(693): CodeIgniter\HTTP\Exceptions\HTTPException::forCurlError('22', 'The requested URL returned error: 404')
 2 SYSTEMPATH\HTTP\CURLRequest.php(383): CodeIgniter\HTTP\CURLRequest->sendRequest([...])
 3 SYSTEMPATH\HTTP\CURLRequest.php(152): CodeIgniter\HTTP\CURLRequest->send('GET', 'https://www.googleapis.com/blogger/v3/blogs/2457631063636946988/posts/2024?key=AIzaSyD6upaK01D8aLiToOM_wHaggXNmmxahl3k')
 4 APPPATH\Controllers\Home.php(72): CodeIgniter\HTTP\CURLRequest->request('GET', 'https://www.googleapis.com/blogger/v3/blogs/2457631063636946988/posts/2024?key=AIzaSyD6upaK01D8aLiToOM_wHaggXNmmxahl3k')
 5 SYSTEMPATH\CodeIgniter.php(933): App\Controllers\Home->blogD('2024', '06', 'how-comprehensive-research-support-can.html')
 6 SYSTEMPATH\CodeIgniter.php(509): CodeIgniter\CodeIgniter->runController(Object(App\Controllers\Home))
 7 SYSTEMPATH\CodeIgniter.php(355): CodeIgniter\CodeIgniter->handleRequest(null, Object(Config\Cache), false)
 8 SYSTEMPATH\Boot.php(312): CodeIgniter\CodeIgniter->run()
 9 SYSTEMPATH\Boot.php(67): CodeIgniter\Boot::runCodeIgniter(Object(CodeIgniter\CodeIgniter))
10 FCPATH\index.php(56): CodeIgniter\Boot::bootWeb(Object(Config\Paths))
CRITICAL - 2024-06-12 07:19:29 --> CodeIgniter\HTTP\Exceptions\HTTPException: 22 : The requested URL returned error: 403
[Method: GET, Route: blog/2024/06/how-comprehensive-research-support-can.html]
in SYSTEMPATH\HTTP\CURLRequest.php on line 693.
 1 SYSTEMPATH\HTTP\CURLRequest.php(693): CodeIgniter\HTTP\Exceptions\HTTPException::forCurlError('22', 'The requested URL returned error: 403')
 2 SYSTEMPATH\HTTP\CURLRequest.php(383): CodeIgniter\HTTP\CURLRequest->sendRequest([...])
 3 SYSTEMPATH\HTTP\CURLRequest.php(152): CodeIgniter\HTTP\CURLRequest->send('GET', 'https://www.googleapis.com/blogger/v3/blogs/2457631063636946988/posts/bypath?path=2024?key=AIzaSyD6upaK01D8aLiToOM_wHaggXNmmxahl3k')
 4 APPPATH\Controllers\Home.php(72): CodeIgniter\HTTP\CURLRequest->request('GET', 'https://www.googleapis.com/blogger/v3/blogs/2457631063636946988/posts/bypath?path=2024?key=AIzaSyD6upaK01D8aLiToOM_wHaggXNmmxahl3k')
 5 SYSTEMPATH\CodeIgniter.php(933): App\Controllers\Home->blogD('2024', '06', 'how-comprehensive-research-support-can.html')
 6 SYSTEMPATH\CodeIgniter.php(509): CodeIgniter\CodeIgniter->runController(Object(App\Controllers\Home))
 7 SYSTEMPATH\CodeIgniter.php(355): CodeIgniter\CodeIgniter->handleRequest(null, Object(Config\Cache), false)
 8 SYSTEMPATH\Boot.php(312): CodeIgniter\CodeIgniter->run()
 9 SYSTEMPATH\Boot.php(67): CodeIgniter\Boot::runCodeIgniter(Object(CodeIgniter\CodeIgniter))
10 FCPATH\index.php(56): CodeIgniter\Boot::bootWeb(Object(Config\Paths))
CRITICAL - 2024-06-12 07:21:36 --> CodeIgniter\HTTP\Exceptions\HTTPException: 22 : The requested URL returned error: 404
[Method: GET, Route: blog/2024/06/how-comprehensive-research-support-can.html]
in SYSTEMPATH\HTTP\CURLRequest.php on line 693.
 1 SYSTEMPATH\HTTP\CURLRequest.php(693): CodeIgniter\HTTP\Exceptions\HTTPException::forCurlError('22', 'The requested URL returned error: 404')
 2 SYSTEMPATH\HTTP\CURLRequest.php(383): CodeIgniter\HTTP\CURLRequest->sendRequest([...])
 3 SYSTEMPATH\HTTP\CURLRequest.php(152): CodeIgniter\HTTP\CURLRequest->send('GET', 'https://www.googleapis.com/blogger/v3/blogs/8274183790677322710/posts/bypath?path=/2024/06/how-comprehensive-research-support-can.html&key=AIzaSyD-tkvtxixe1gm3hbr05upblw6P6HYzpKI')
 4 APPPATH\Controllers\Home.php(179): CodeIgniter\HTTP\CURLRequest->request('GET', 'https://www.googleapis.com/blogger/v3/blogs/8274183790677322710/posts/bypath?path=/2024/06/how-comprehensive-research-support-can.html&key=AIzaSyD-tkvtxixe1gm3hbr05upblw6P6HYzpKI')
 5 APPPATH\Controllers\Home.php(124): App\Controllers\Home->loadContent('https://www.googleapis.com/blogger/v3/blogs/8274183790677322710/posts/bypath?path=/2024/06/how-comprehensive-research-support-can.html&key=AIzaSyD-tkvtxixe1gm3hbr05upblw6P6HYzpKI')
 6 SYSTEMPATH\CodeIgniter.php(933): App\Controllers\Home->singleBlog('2024', '06', 'how-comprehensive-research-support-can.html')
 7 SYSTEMPATH\CodeIgniter.php(509): CodeIgniter\CodeIgniter->runController(Object(App\Controllers\Home))
 8 SYSTEMPATH\CodeIgniter.php(355): CodeIgniter\CodeIgniter->handleRequest(null, Object(Config\Cache), false)
 9 SYSTEMPATH\Boot.php(312): CodeIgniter\CodeIgniter->run()
10 SYSTEMPATH\Boot.php(67): CodeIgniter\Boot::runCodeIgniter(Object(CodeIgniter\CodeIgniter))
11 FCPATH\index.php(56): CodeIgniter\Boot::bootWeb(Object(Config\Paths))
CRITICAL - 2024-06-12 07:23:50 --> CodeIgniter\View\Exceptions\ViewException: Invalid file: "main/single_post.php"
[Method: GET, Route: blog/2024/06/how-comprehensive-research-support-can.html]
in SYSTEMPATH\Exceptions\FrameworkException.php on line 41.
 1 SYSTEMPATH\View\View.php(222): CodeIgniter\Exceptions\FrameworkException::forInvalidFile('main/single_post.php')
 2 SYSTEMPATH\Common.php(1171): CodeIgniter\View\View->render('main/single_post', [], true)
 3 APPPATH\Controllers\Home.php(158): view('main/single_post', [...])
 4 SYSTEMPATH\CodeIgniter.php(933): App\Controllers\Home->singleBlog('2024', '06', 'how-comprehensive-research-support-can.html')
 5 SYSTEMPATH\CodeIgniter.php(509): CodeIgniter\CodeIgniter->runController(Object(App\Controllers\Home))
 6 SYSTEMPATH\CodeIgniter.php(355): CodeIgniter\CodeIgniter->handleRequest(null, Object(Config\Cache), false)
 7 SYSTEMPATH\Boot.php(312): CodeIgniter\CodeIgniter->run()
 8 SYSTEMPATH\Boot.php(67): CodeIgniter\Boot::runCodeIgniter(Object(CodeIgniter\CodeIgniter))
 9 FCPATH\index.php(56): CodeIgniter\Boot::bootWeb(Object(Config\Paths))
